<?xml version="1.0" encoding="UTF-8"?>
<testng-results ignored="0" total="2" passed="2" failed="0" skipped="0">
  <reporter-output>
  </reporter-output>
  <suite started-at="2024-11-30T17:53:34 IST" name="Suite" finished-at="2024-11-30T17:54:13 IST" duration-ms="39924">
    <groups>
    </groups>
    <test started-at="2024-11-30T17:53:34 IST" name="Test" finished-at="2024-11-30T17:54:13 IST" duration-ms="39924">
      <class name="com.testing.test.testPage">
        <test-method is-config="true" signature="openBrowser()[pri:0, instance:com.testing.test.testPage@2ed2d9cb]" started-at="2024-11-30T17:53:30 IST" name="openBrowser" finished-at="2024-11-30T17:53:34 IST" duration-ms="3829" status="PASS">
          <reporter-output>
          </reporter-output>
        </test-method> <!-- openBrowser -->
        <test-method is-config="true" signature="enterUrl()[pri:0, instance:com.testing.test.testPage@2ed2d9cb]" started-at="2024-11-30T17:53:34 IST" name="enterUrl" finished-at="2024-11-30T17:53:34 IST" duration-ms="608" status="PASS">
          <reporter-output>
          </reporter-output>
        </test-method> <!-- enterUrl -->
        <test-method is-config="true" signature="HandleWindow()[pri:0, instance:com.testing.test.testPage@2ed2d9cb]" started-at="2024-11-30T17:53:34 IST" name="HandleWindow" finished-at="2024-11-30T17:53:35 IST" duration-ms="1174" status="PASS">
          <reporter-output>
          </reporter-output>
        </test-method> <!-- HandleWindow -->
        <test-method is-config="true" signature="HandleCookies()[pri:0, instance:com.testing.test.testPage@2ed2d9cb]" started-at="2024-11-30T17:53:35 IST" name="HandleCookies" finished-at="2024-11-30T17:53:35 IST" duration-ms="61" status="PASS">
          <reporter-output>
          </reporter-output>
        </test-method> <!-- HandleCookies -->
        <test-method signature="registerP(java.lang.String,java.lang.String,java.lang.String,java.lang.String,java.lang.String,java.lang.String)[pri:1, instance:com.testing.test.testPage@2ed2d9cb]" started-at="2024-11-30T17:53:35 IST" name="registerP" finished-at="2024-11-30T17:53:58 IST" duration-ms="22185" status="PASS">
          <params>
            <param index="0">
              <value>
                <![CDATA[Aarav12]]>
              </value>
            </param>
            <param index="1">
              <value>
                <![CDATA[pawar]]>
              </value>
            </param>
            <param index="2">
              <value>
                <![CDATA[aarav22@gmail.com]]>
              </value>
            </param>
            <param index="3">
              <value>
                <![CDATA[7050904020]]>
              </value>
            </param>
            <param index="4">
              <value>
                <![CDATA[12345678]]>
              </value>
            </param>
            <param index="5">
              <value>
                <![CDATA[12345678]]>
              </value>
            </param>
          </params>
          <reporter-output>
          </reporter-output>
        </test-method> <!-- registerP -->
        <test-method is-config="true" signature="captureScreen()[pri:0, instance:com.testing.test.testPage@2ed2d9cb]" started-at="2024-11-30T17:53:58 IST" name="captureScreen" finished-at="2024-11-30T17:53:58 IST" duration-ms="440" status="PASS">
          <reporter-output>
          </reporter-output>
        </test-method> <!-- captureScreen -->
        <test-method is-config="true" signature="HandleCookies()[pri:0, instance:com.testing.test.testPage@2ed2d9cb]" started-at="2024-11-30T17:53:58 IST" name="HandleCookies" finished-at="2024-11-30T17:53:58 IST" duration-ms="22" status="PASS">
          <reporter-output>
          </reporter-output>
        </test-method> <!-- HandleCookies -->
        <test-method signature="loginTest(java.lang.String,java.lang.String)[pri:2, instance:com.testing.test.testPage@2ed2d9cb]" started-at="2024-11-30T17:53:58 IST" name="loginTest" data-provider="getData" finished-at="2024-11-30T17:54:13 IST" duration-ms="14775" status="PASS">
          <params>
            <param index="0">
              <value>
                <![CDATA[aarav22@gmail.com]]>
              </value>
            </param>
            <param index="1">
              <value>
                <![CDATA[12345678]]>
              </value>
            </param>
          </params>
          <reporter-output>
          </reporter-output>
        </test-method> <!-- loginTest -->
        <test-method is-config="true" signature="captureScreen()[pri:0, instance:com.testing.test.testPage@2ed2d9cb]" started-at="2024-11-30T17:54:13 IST" name="captureScreen" finished-at="2024-11-30T17:54:13 IST" duration-ms="471" status="PASS">
          <reporter-output>
          </reporter-output>
        </test-method> <!-- captureScreen -->
        <test-method is-config="true" signature="deleteCookies()[pri:0, instance:com.testing.test.testPage@2ed2d9cb]" started-at="2024-11-30T17:54:13 IST" name="deleteCookies" finished-at="2024-11-30T17:54:13 IST" duration-ms="64" status="PASS">
          <reporter-output>
          </reporter-output>
        </test-method> <!-- deleteCookies -->
        <test-method is-config="true" signature="dbClose()[pri:0, instance:com.testing.test.testPage@2ed2d9cb]" started-at="2024-11-30T17:54:13 IST" name="dbClose" finished-at="2024-11-30T17:54:13 IST" duration-ms="0" status="PASS">
          <reporter-output>
          </reporter-output>
        </test-method> <!-- dbClose -->
        <test-method is-config="true" signature="browserClose()[pri:0, instance:com.testing.test.testPage@2ed2d9cb]" started-at="2024-11-30T17:54:14 IST" name="browserClose" finished-at="2024-11-30T17:54:14 IST" duration-ms="595" status="PASS">
          <reporter-output>
          </reporter-output>
        </test-method> <!-- browserClose -->
      </class> <!-- com.testing.test.testPage -->
    </test> <!-- Test -->
  </suite> <!-- Suite -->
</testng-results>
